Mailänderli 分量

250g 柔らかいバター
225g 砂糖
一つまみの塩
3個 生卵
1個 Bio-レモン
500g 小麦

1個 卵黄
こさじ1 ミルクかクリーム

Mailänderliの作り方
ボウルにバターを入れて混ぜる。
砂糖と塩を加えてかき混ぜる。
卵を1個ずつ入れて混ぜ、軽くなるまで混ぜ続ける。
レモンの皮をすりおろし、混ぜ合わせる。

小麦粉を加え、生地状に混ぜ、少し平らにして、蓋をして2時間以上冷やす。

オーブンを200度に予熱しておく。

生地は少量の小麦粉の上か、切り開いたビニール袋の間に分割して、約7mmの厚さに伸ばします。
様々な形に切り抜き、オーブンペーパーを敷いたトレイに並べる。
冷蔵庫で約15分寝かせる。卵黄と牛乳を混ぜ合わせて塗る。

オーブンの中段で約10分焼く。
取り出して、ワイヤーラックで冷やす。

Totenbeinli 分量（40個分）
100g 柔らかいバター
150g 砂糖
2個 卵
1/2 Bio-レモン
1/4 小さじ シナモン
1/8 小さじ クローブ
1/8 小さじ オールスパイス
一つまみの塩
200g Ganze ヘーゼルナッツと（か）クルミ
250g 小麦粉

作り方
ボウルにバターと砂糖を入れて、ハンドミキサーで軽くクリーム状になるまで混ぜる。
その後、残りの材料をすべて混ぜ合わせる。
次に、生地を長方形のブロックに成形する。
幅約12cm、高さ約4cm。
その後、ラップで包み、冷蔵庫で3〜4時間放置する。

オーブンを200度に予熱し、ベーキングトレイにオーブンペーパーを敷き詰める。
生地ブロックから1cmの厚さに切る。
間隔をあけて天板に並べ、オプションで卵黄を塗る。
オーブンの中段で15〜20分、トーテンバインリがきれいな黄金色になるまで焼く。
その後、ワイヤーラックで冷まします。
密閉容器に入れれば、3～4週間は簡単に保存できます。


